Android_Client/app/build/intermediates/manifest_merge_blame_file/debug/processDebugMainManifest/manifest-merger-blame-debug-report.txt
1<?xml version="1.0" encoding="utf-8"?>
2<manifest xmlns:android="http://schemas.android.com/apk/res/android"
3    package="com.deskstream.sync"
4    android:versionCode="2"
5    android:versionName="1.1" >
6
7    <uses-sdk
8        android:minSdkVersion="30"
9        android:targetSdkVersion="35" />
10
11    <!-- Foreground Service Permissions -->
12    <uses-permission android:name="android.permission.FOREGROUND_SERVICE" />
12-->src/main/AndroidManifest.xml:5:5-77
12-->src/main/AndroidManifest.xml:5:22-74
13    <uses-permission android:name="android.permission.FOREGROUND_SERVICE_CONNECTED_DEVICE" />
13-->src/main/AndroidManifest.xml:6:5-94
13-->src/main/AndroidManifest.xml:6:22-91
14
15    <!-- Internet/Network Permissions -->
16    <uses-permission android:name="android.permission.INTERNET" />
16-->src/main/AndroidManifest.xml:9:5-67
16-->src/main/AndroidManifest.xml:9:22-64
17    <uses-permission android:name="android.permission.ACCESS_NETWORK_STATE" />
17-->src/main/AndroidManifest.xml:10:5-79
17-->src/main/AndroidManifest.xml:10:22-76
18
19    <!-- Android 13+ Notification Permission -->
20    <uses-permission android:name="android.permission.POST_NOTIFICATIONS" />
20-->src/main/AndroidManifest.xml:13:5-77
20-->src/main/AndroidManifest.xml:13:22-74
21
22    <permission
22-->[androidx.core:core:1.12.0] AndroidManifest.xml:22:5-24:47
23        android:name="com.deskstream.sync.DYNAMIC_RECEIVER_NOT_EXPORTED_PERMISSION"
23-->[androidx.core:core:1.12.0] AndroidManifest.xml:23:9-81
24        android:protectionLevel="signature" />
24-->[androidx.core:core:1.12.0] AndroidManifest.xml:24:9-44
25
26    <uses-permission android:name="com.deskstream.sync.DYNAMIC_RECEIVER_NOT_EXPORTED_PERMISSION" />
26-->[androidx.core:core:1.12.0] AndroidManifest.xml:26:5-97
26-->[androidx.core:core:1.12.0] AndroidManifest.xml:26:22-94
27
28    <application
28-->src/main/AndroidManifest.xml:15:5-67:19
29        android:allowBackup="true"
29-->src/main/AndroidManifest.xml:16:9-35
30        android:appComponentFactory="androidx.core.app.CoreComponentFactory"
30-->[androidx.core:core:1.12.0] AndroidManifest.xml:28:18-86
31        android:debuggable="true"
32        android:extractNativeLibs="false"
33        android:icon="@android:drawable/sym_def_app_icon"
33-->src/main/AndroidManifest.xml:17:9-58
34        android:label="@string/app_name"
34-->src/main/AndroidManifest.xml:18:9-41
35        android:roundIcon="@android:drawable/sym_def_app_icon"
35-->src/main/AndroidManifest.xml:19:9-63
36        android:supportsRtl="true"
36-->src/main/AndroidManifest.xml:20:9-35
37        android:testOnly="true"
38        android:theme="@style/Theme.DeskStreamSync" >
38-->src/main/AndroidManifest.xml:21:9-52
39        <activity
39-->src/main/AndroidManifest.xml:23:9-31:20
40            android:name="com.deskstream.sync.MainActivity"
40-->src/main/AndroidManifest.xml:24:13-41
41            android:exported="true"
41-->src/main/AndroidManifest.xml:25:13-36
42            android:theme="@style/Theme.DeskStreamSync" >
42-->src/main/AndroidManifest.xml:26:13-56
43            <intent-filter>
43-->src/main/AndroidManifest.xml:27:13-30:29
44                <action android:name="android.intent.action.MAIN" />
44-->src/main/AndroidManifest.xml:28:17-69
44-->src/main/AndroidManifest.xml:28:25-66
45
46                <category android:name="android.intent.category.LAUNCHER" />
46-->src/main/AndroidManifest.xml:29:17-77
46-->src/main/AndroidManifest.xml:29:27-74
47            </intent-filter>
48        </activity>
49
50        <service
50-->src/main/AndroidManifest.xml:33:9-37:63
51            android:name="com.deskstream.sync.service.InputBridgeService"
51-->src/main/AndroidManifest.xml:34:13-55
52            android:enabled="true"
52-->src/main/AndroidManifest.xml:35:13-35
53            android:exported="false"
53-->src/main/AndroidManifest.xml:36:13-37
54            android:foregroundServiceType="connectedDevice" />
54-->src/main/AndroidManifest.xml:37:13-60
55
56        <!-- Accessibility Service registration for virtual cursor rendering and click injection -->
57        <service
57-->src/main/AndroidManifest.xml:40:9-51:19
58            android:name="com.deskstream.sync.service.MouseAccessibilityService"
58-->src/main/AndroidManifest.xml:41:13-62
59            android:exported="true"
59-->src/main/AndroidManifest.xml:43:13-36
60            android:label="@string/app_name"
60-->src/main/AndroidManifest.xml:44:13-45
61            android:permission="android.permission.BIND_ACCESSIBILITY_SERVICE" >
61-->src/main/AndroidManifest.xml:42:13-79
62            <intent-filter>
62-->src/main/AndroidManifest.xml:45:13-47:29
63                <action android:name="android.accessibilityservice.AccessibilityService" />
63-->src/main/AndroidManifest.xml:46:17-92
63-->src/main/AndroidManifest.xml:46:25-89
64            </intent-filter>
65
66            <meta-data
66-->src/main/AndroidManifest.xml:48:13-50:72
67                android:name="android.accessibilityservice"
67-->src/main/AndroidManifest.xml:49:17-60
68                android:resource="@xml/accessibility_service_config" />
68-->src/main/AndroidManifest.xml:50:17-69
69        </service>
70
71        <!-- Input Method Service (IME) registration for invisible keyboard forwarding -->
72        <service
72-->src/main/AndroidManifest.xml:54:9-65:19
73            android:name="com.deskstream.sync.service.KeyboardInjectionService"
73-->src/main/AndroidManifest.xml:55:13-61
74            android:exported="true"
74-->src/main/AndroidManifest.xml:58:13-36
75            android:label="DeskStream Sync Keyboard"
75-->src/main/AndroidManifest.xml:56:13-53
76            android:permission="android.permission.BIND_INPUT_METHOD" >
76-->src/main/AndroidManifest.xml:57:13-70
77            <intent-filter>
77-->src/main/AndroidManifest.xml:59:13-61:29
78                <action android:name="android.view.InputMethod" />
78-->src/main/AndroidManifest.xml:60:17-67
78-->src/main/AndroidManifest.xml:60:25-64
79            </intent-filter>
80
81            <meta-data
81-->src/main/AndroidManifest.xml:62:13-64:50
82                android:name="android.view.im"
82-->src/main/AndroidManifest.xml:63:17-47
83                android:resource="@xml/method" />
83-->src/main/AndroidManifest.xml:64:17-47
84        </service>
85
86        <activity
86-->[androidx.compose.ui:ui-tooling-android:1.6.3] AndroidManifest.xml:23:9-25:39
87            android:name="androidx.compose.ui.tooling.PreviewActivity"
87-->[androidx.compose.ui:ui-tooling-android:1.6.3] AndroidManifest.xml:24:13-71
88            android:exported="true" />
88-->[androidx.compose.ui:ui-tooling-android:1.6.3] AndroidManifest.xml:25:13-36
89
90        <provider
90-->[androidx.emoji2:emoji2:1.3.0] AndroidManifest.xml:24:9-32:20
91            android:name="androidx.startup.InitializationProvider"
91-->[androidx.emoji2:emoji2:1.3.0] AndroidManifest.xml:25:13-67
92            android:authorities="com.deskstream.sync.androidx-startup"
92-->[androidx.emoji2:emoji2:1.3.0] AndroidManifest.xml:26:13-68
93            android:exported="false" >
93-->[androidx.emoji2:emoji2:1.3.0] AndroidManifest.xml:27:13-37
94            <meta-data
94-->[androidx.emoji2:emoji2:1.3.0] AndroidManifest.xml:29:13-31:52
95                android:name="androidx.emoji2.text.EmojiCompatInitializer"
95-->[androidx.emoji2:emoji2:1.3.0] AndroidManifest.xml:30:17-75
96                android:value="androidx.startup" />
96-->[androidx.emoji2:emoji2:1.3.0] AndroidManifest.xml:31:17-49
97            <meta-data
97-->[androidx.lifecycle:lifecycle-process:2.7.0] AndroidManifest.xml:29:13-31:52
98                android:name="androidx.lifecycle.ProcessLifecycleInitializer"
98-->[androidx.lifecycle:lifecycle-process:2.7.0] AndroidManifest.xml:30:17-78
99                android:value="androidx.startup" />
99-->[androidx.lifecycle:lifecycle-process:2.7.0] AndroidManifest.xml:31:17-49
100            <meta-data
100-->[androidx.profileinstaller:profileinstaller:1.3.0] AndroidManifest.xml:29:13-31:52
101                android:name="androidx.profileinstaller.ProfileInstallerInitializer"
101-->[androidx.profileinstaller:profileinstaller:1.3.0] AndroidManifest.xml:30:17-85
102                android:value="androidx.startup" />
102-->[androidx.profileinstaller:profileinstaller:1.3.0] AndroidManifest.xml:31:17-49
103        </provider>
104
105        <receiver
105-->[androidx.profileinstaller:profileinstaller:1.3.0] AndroidManifest.xml:34:9-52:20
106            android:name="androidx.profileinstaller.ProfileInstallReceiver"
106-->[androidx.profileinstaller:profileinstaller:1.3.0] AndroidManifest.xml:35:13-76
107            android:directBootAware="false"
107-->[androidx.profileinstaller:profileinstaller:1.3.0] AndroidManifest.xml:36:13-44
108            android:enabled="true"
108-->[androidx.profileinstaller:profileinstaller:1.3.0] AndroidManifest.xml:37:13-35
109            android:exported="true"
109-->[androidx.profileinstaller:profileinstaller:1.3.0] AndroidManifest.xml:38:13-36
110            android:permission="android.permission.DUMP" >
110-->[androidx.profileinstaller:profileinstaller:1.3.0] AndroidManifest.xml:39:13-57
111            <intent-filter>
111-->[androidx.profileinstaller:profileinstaller:1.3.0] AndroidManifest.xml:40:13-42:29
112                <action android:name="androidx.profileinstaller.action.INSTALL_PROFILE" />
112-->[androidx.profileinstaller:profileinstaller:1.3.0] AndroidManifest.xml:41:17-91
112-->[androidx.profileinstaller:profileinstaller:1.3.0] AndroidManifest.xml:41:25-88
113            </intent-filter>
114            <intent-filter>
114-->[androidx.profileinstaller:profileinstaller:1.3.0] AndroidManifest.xml:43:13-45:29
115                <action android:name="androidx.profileinstaller.action.SKIP_FILE" />
115-->[androidx.profileinstaller:profileinstaller:1.3.0] AndroidManifest.xml:44:17-85
115-->[androidx.profileinstaller:profileinstaller:1.3.0] AndroidManifest.xml:44:25-82
116            </intent-filter>
117            <intent-filter>
117-->[androidx.profileinstaller:profileinstaller:1.3.0] AndroidManifest.xml:46:13-48:29
118                <action android:name="androidx.profileinstaller.action.SAVE_PROFILE" />
118-->[androidx.profileinstaller:profileinstaller:1.3.0] AndroidManifest.xml:47:17-88
118-->[androidx.profileinstaller:profileinstaller:1.3.0] AndroidManifest.xml:47:25-85
119            </intent-filter>
120            <intent-filter>
120-->[androidx.profileinstaller:profileinstaller:1.3.0] AndroidManifest.xml:49:13-51:29
121                <action android:name="androidx.profileinstaller.action.BENCHMARK_OPERATION" />
121-->[androidx.profileinstaller:profileinstaller:1.3.0] AndroidManifest.xml:50:17-95
121-->[androidx.profileinstaller:profileinstaller:1.3.0] AndroidManifest.xml:50:25-92
122            </intent-filter>
123        </receiver>
124    </application>
125
126</manifest>